1a1t
1a34
1a4t
1a9n
1aq3
1aq4
1asy
1asz
1aud
1av6
1b23
1b2m
1b7f
1biv
1bmv
1c04
1c0a
1c9s
1cgm
1cvj
1cwp
1cx0
1d6k
1ddl
1dfu
1di2
1dk1
1drz
1dul
1dz5
1e7k
1e8o
1ec6
1efw
1eiy
1ekz
1etf
1etg
1euq
1euy
1exd
1exy
1f6u
1f7y
1f8v
1feu
1fje
1fjg
1fka
1fnx
1fxl
1g1x
1g2e
1g59
1g70
1gax
1gtf
1gtn
1gtr
1gts
1h2c
1h2d
1h38
1h3e
1h4q
1h4s
1hc8
1hji
1hnw
1hnx
1hnz
1hq1
1hr0
1hvu
1hys
1i5l
1i6h
1i6u
1i94
1i9f
1ibk
1ibl
1ibm
1il2
1ivs
1j1u
1j2b
1j5e
1jbr
1jbs
1jbt
1jid
1jj2
1k1g
1k73
1k8a
1k8w
1k9m
1kc8
1kd1
1knz
1kog
1kq2
1kqs
1kuq
1l1c
1l9a
1laj
1lng
1m1k
1m5k
1m5o
1m5p
1m5v
1m8v
1m8w
1m8x
1m8y
1m90
1mfq
1mji
1mms
1mnb
1msw
1mzp
1n1h
1n32
1n33
1n34
1n35
1n36
1n38
1n77
1n78
1n8r
1nb7
1nji
1nyb
1o0b
1o0c
1ob2
1ob5
1oln
1ooa
1p6v
1pgl
1pvo
1q2s
1q7y
1q81
1q82
1q86
1qa6
1qf6
1qfq
1qln
1qrs
1qrt
1qru
1qtq
1qu2
1qu3
1qvf
1qvg
1qzw
1r3e
1r9f
1r9s
1r9t
1rc7
1rgo
1rkj
1rlg
1rmv
1rpu
1s03
1s0v
1s72
1s76
1s77
1sds
1ser
1sfo
1si3
1sj3
1sj4
1sjf
1sm1
1t0k
1t2r
1t4l
1tfw
1tfy
1ttt
1u0b
1u1y
1u63
1u6b
1u6p
1ull
1un6
1urn
1utd
1utf
1utv
1uvi
1uvj
1uvk
1uvl
1uvm
1uvn
1vbx
1vby
1vbz
1vc0
1vc5
1vc6
1vc7
1vfg
1vq4
1vq5
1vq6
1vq7
1vq8
1vq9
1vqk
1vql
1vqm
1vqn
1vqo
1vqp
1vs5
1vs6
1vs7
1vs8
1vsa
1vsp
1vt2
1vtm
1w2b
1wmq
1wne
1wpu
1wrq
1wsu
1wwd
1wwe
1wwf
1wwg
1wz2
1xmo
1xmq
1xnq
1xnr
1xok
1xpo
1xpr
1xpu
1y1w
1y39
1y69
1y77
1yhq
1yi2
1yij
1yit
1yj9
1yjn
1yjw
1ytu
1yty
1yvp
1yyk
1yyo
1yyw
1yz9
1zbh
1zbi
1zbl
1zbn
1zdh
1zdi
1zdj
1zdk
1ze2
1zh5
1zho
1zjw
1zl3
1zse
1zzn
2a1r
2a8v
2a9x
2ab4
2ad9
2adb
2adc
2ake
2ann
2anr
2asb
2atw
2avy
2aw4
2aw7
2awb
2az0
2az2
2azx
2b2d
2b2e
2b2g
2b3j
2b63
2b6g
2bbv
2bgg
2bh2
2bny
2bq5
2bs0
2bs1
2bte
2bu1
2bx2
2byt
2c06
2c4q
2c4r
2c4y
2c4z
2c50
2c51
2cjk
2csx
2ct8
2cv0
2cv1
2cv2
2czj
2d3o
2d6f
2db3
2der
2det
2deu
2dlc
2dr2
2dr5
2dr7
2dr8
2dr9
2dra
2drb
2du3
2du4
2du5
2du6
2dvi
2dxi
2e2h
2e2i
2e2j
2e5l
2e9r
2e9t
2e9z
2ec0
2err
2ese
2ez6
2f4v
2f8k
2f8s
2f8t
2fk6
2fmt
2fy1
2fz2
2g4b
2g8f
2g8h
2g8i
2g8k
2g8u
2g8v
2g8w
2gic
2gje
2gjw
2gtt
2gxb
2hgh
2hgi
2hgj
2hgr
2hgu
2hhh
2ht1
2hvy
2hw8
2hyi
2i2p
2i2t
2i2u
2i2v
2i2y
2i91
2ihx
2ix1
2iy5
2iz8
2iz9
2izm
2izn
2j00
2j01
2j02
2j03
2j0q
2j0s
2ja5
2ja6
2ja7
2ja8
2jea
2jlu
2jlv
2jlw
2jlx
2jly
2jlz
2jpp
2jq7
2kdq
2kfy
2kg0
2kg1
2kh9
2km8
2kx5
2kxn
2l2k
2l3c
2l3j
2l41
2l5d
2la5
2lbs
2leb
2lec
2li8
2lup
2m8d
2nqp
2nr0
2nre
2nue
2nuf
2nug
2nvq
2nvt
2nvx
2nvz
2nz4
2o5i
2o5j
2ogm
2oih
2oj3
2om3
2otj
2otl
2ow8
2ozb
2pjp
2ply
2po1
2ppb
2pxb
2pxd
2pxe
2pxf
2pxk
2pxl
2pxp
2pxq
2pxt
2pxu
2pxv
2py9
2q66
2qa4
2qal
2qam
2qan
2qao
2qb9
2qba
2qbb
2qbc
2qbd
2qbe
2qbf
2qbg
2qbh
2qbi
2qbj
2qbk
2qex
2qk9
2qkk
2qnh
2qou
2qov
2qow
2qox
2qoy
2qoz
2qp0
2qp1
2qqp
2qux
2r7r
2r7s
2r7t
2r7u
2r7v
2r7w
2r7x
2r7y
2r7z
2r8s
2r92
2r93
2rd2
2re8
2rfk
2rkj
2rqc
2rra
2rs2
2rsk
2tmv
2uu9
2uua
2uub
2uuc
2uwm
2uxb
2uxc
2uxd
2v0g
2v3c
2v46
2v47
2v48
2v49
2vhm
2vhn
2vho
2vhp
2vnu
2vod
2von
2voo
2vop
2vpl
2vqe
2vqf
2vrt
2vum
2w2h
2wdg
2wdh
2wdi
2wdj
2wdk
2wdl
2wdm
2wdn
2wh1
2wh2
2wh3
2wh4
2wj8
2wri
2wrj
2wrk
2wrl
2wrn
2wro
2wrq
2wrr
2x1a
2x1f
2x9r
2x9s
2x9t
2x9u
2xb2
2xbm
2xc7
2xd0
2xdb
2xdd
2xea
2xfm
2xfz
2xg0
2xg1
2xg2
2xgj
2xnr
2xpj
2xqd
2xqe
2xs2
2xs5
2xs7
2xxa
2xzl
2xzm
2xzn
2xzo
2y0u
2y0v
2y0w
2y0x
2y0y
2y0z
2y10
2y11
2y12
2y13
2y14
2y15
2y16
2y17
2y18
2y19
2y8w
2y8y
2y9a
2y9b
2y9c
2y9d
2y9h
2yh1
2yhm
2yhp
2yhq
2yjy
2ykg
2yu9
2z4k
2z4l
2z4m
2z4n
2zh1
2zh2
2zh3
2zh4
2zh5
2zh6
2zh7
2zh8
2zh9
2zha
2zhb
2zi0
2zjp
2zjq
2zjr
2zko
2zm5
2zm6
2zni
2zue
2zuf
2zxu
2zzm
2zzn
3a2k
3a6p
3adb
3adc
3add
3adi
3adl
3aev
3agv
3ahu
3akz
3al0
3am1
3amt
3amu
3aoh
3aoi
3avt
3avu
3avv
3avw
3avx
3avy
3b0u
3b0v
3bo2
3bo3
3bo4
3boy
3bsb
3bsn
3bso
3bsu
3bsx
3bt7
3bx2
3bx3
3cc2
3cc4
3cc7
3cce
3ccj
3ccl
3ccm
3ccq
3ccr
3ccs
3ccu
3ccv
3cd6
3cf5
3ciy
3cma
3cme
3cpw
3cul
3cun
3cxc
3cz3
3d2s
3d5a
3d5b
3d5c
3d5d
3df1
3df2
3df3
3df4
3dh3
3dll
3e2e
3egz
3eph
3epj
3epk
3epl
3eqt
3er9
3ex7
3f1e
3f1f
3f1g
3f1h
3f73
3fht
3foz
3fte
3ftf
3g0h
3g4s
3g6e
3g71
3g8s
3g8t
3g96
3g9c
3g9y
3gib
3gpq
3gtg
3gtj
3gtl
3gtm
3gto
3gtp
3gtq
3h3v
3h5x
3h5y
3hax
3hay
3hhn
3hhz
3hjf
3hjw
3hjy
3hk2
3hl2
3hm9
3ho1
3hou
3hov
3how
3hox
3hoy
3hoz
3hsb
3htx
3huw
3hux
3huy
3huz
3hvr
3hxm
3i1m
3i1n
3i1o
3i1p
3i1q
3i1r
3i1s
3i1t
3i1z
3i20
3i21
3i22
3i4m
3i4n
3i55
3i56
3i5x
3i5y
3i61
3i62
3i8f
3i8g
3i8h
3i8i
3i9b
3i9c
3i9d
3i9e
3iab
3ice
3icq
3id5
3ie1
3iev
3iin
3irw
3ivk
3iwn
3j06
3k0j
3k49
3k4e
3k5q
3k5y
3k5z
3k61
3k62
3k64
3kfu
3kiq
3kir
3kis
3kit
3kiu
3kiw
3kix
3kiy
3klv
3kmq
3kms
3kna
3knh
3kni
3knj
3knk
3knl
3knm
3knn
3kno
3koa
3ks8
3ktv
3ktw
3l25
3l26
3l3c
3lob
3lqx
3lrn
3lrr
3lwo
3lwp
3lwq
3lwr
3lwv
3m3y
3m4o
3m7n
3m85
3mdg
3mdi
3mj0
3moj
3mqk
3mr8
3mrz
3ms0
3ms1
3mum
3mur
3mut
3muv
3mxh
3ncu
3ndb
3nl0
3nma
3nmr
3nmu
3nna
3nnc
3nnh
3nvi
3nvk
3o2z
3o30
3o3i
3o58
3o5h
3o6e
3o7v
3o8c
3o8r
3oaq
3oar
3oas
3oat
3ofa
3ofb
3ofc
3ofd
3ofo
3ofp
3ofq
3ofr
3ofx
3ofy
3ofz
3og0
3og8
3oge
3ogy
3oh5
3oh7
3ohc
3ohd
3ohj
3ohk
3ohy
3ohz
3oi0
3oi1
3oi2
3oi3
3oi4
3oi5
3oij
3oin
3ol6
3ol7
3ol8
3ol9
3ola
3olb
3or9
3ora
3orb
3oto
3ouy
3ov7
3ova
3ovb
3ovs
3ow2
3p49
3p6y
3pdm
3pew
3pey
3pf4
3pf5
3pio
3pip
3pkm
3pla
3po2
3po3
3ptx
3pu0
3pu1
3pu4
3pyn
3pyo
3pyq
3pyr
3pys
3pyt
3pyu
3pyv
3q0l
3q0m
3q0n
3q0o
3q0p
3q0q
3q0r
3q0s
3q1q
3q1r
3q2t
3qg9
3qgb
3qgc
3qjj
3qjl
3qjp
3qrp
3qrr
3qsu
3qsy
3r1h
3r1l
3r2c
3r2d
3r8s
3r8t
3r9w
3r9x
3rc8
3rer
3rtj
3rw6
3rzd
3rzo
3s14
3s15
3s16
3s17
3s1m
3s1n
3s1q
3s1r
3s2d
3s2h
3sfs
3sgf
3siu
3siv
3sn2
3snp
3sqw
3sqx
3t1h
3t1y
3t3o
3t5n
3t5q
3tmi
3trz
3ts0
3ts2
3tup
3tve
3tvf
3tvg
3tvh
3twh
3u2e
3u4m
3u56
3ucu
3ucz
3ud3
3ud4
3uld
3umy
3uoq
3uos
3uxq
3uxr
3uxs
3uxt
3uyd
3uye
3uyf
3uyg
3uz1
3uz2
3uz3
3uz4
3uz6
3uz7
3uz8
3uz9
3uzf
3uzg
3uzh
3uzi
3uzk
3uzl
3uzm
3uzn
3uzs
3uzt
3v11
3v22
3v23
3v24
3v25
3v26
3v27
3v28
3v29
3v2c
3v2d
3v2e
3v2f
3v6u
3v6v
3v6w
3v6x
3v6y
3v71
3v74
3v7e
3vjr
3vnu
3vnv
3vyx
3vyy
3w3s
3zc0
3zd6
3zd7
3zgz
3zjt
3zju
3zjv
3zla
3zn7
3zn9
3znd
3zne
3zvo
3zvp
484d
4a17
4a18
4a19
4a1a
4a1b
4a1c
4a1d
4a1e
4a2x
4a36
4a3b
4a3c
4a3d
4a3e
4a3f
4a3g
4a3j
4a3k
4a3l
4a3m
4a93
4abr
4abs
4afy
4al5
4al6
4al7
4alp
4am3
4ang
4aq7
4aqy
4arc
4ari
4as1
4ato
4ay2
4b3g
4b3m
4b3o
4b3p
4b3q
4b3r
4b3s
4b3t
4b8f
4b8g
4b8h
4b8i
4b8t
4ba2
4bbs
4bhh
4boc
4bpb
4bpe
4bpn
4bpo
4bpp
4btc
4btd
4bwm
4bxx
4by1
4by7
4by9
4byb
4byc
4byd
4bye
4db2
4dh9
4dha
4dhb
4dhc
4dr1
4dr2
4dr3
4dr4
4dr5
4dr6
4dr7
4duy
4duz
4dv0
4dv1
4dv2
4dv3
4dv4
4dv5
4dv6
4dv7
4dwa
4dzs
4e78
4e7a
4ed5
4ei1
4ei3
4ej9
4eja
4ejb
4ejc
4ejt
4erd
4eya
4f02
4f1n
4f3t
4fsj
4ftb
4fte
4fts
4fvu
4fwt
4fxd
4fy1
4fy2
4fy3
4fy4
4fy5
4fy6
4fy7
4fy8
4fy9
4fya
4g0a
4g5k
4g5l
4g5m
4g5n
4g5t
4g5u
4g5v
4g5w
4g7o
4g9z
4gaq
4gar
4gas
4gau
4gcw
4gd1
4gd2
4gg4
4gha
4ghl
4gkj
4gkk
4gl2
4gv3
4gv6
4gv9
4gzy
4gzz
4h5o
4h5p
4h6f
4h6g
4h8k
4hkq
4hor
4hos
4hot
4ht8
4ht9
4hub
4i67
4ifd
4ig8
4ii9
4ijs
4ill
4ilm
4io9
4ioa
4ioc
4iqx
4j1g
4j7l
4j7m
4jng
4juw
4jux
4jv5
4jvh
4jvy
4jxx
4jxz
4jya
4jyz
4jzu
4jzv
4k0k
4k0l
4k0m
4k0p
4k0q
4k4s
4k4t
4k4u
4k4v
4k4w
4k4x
4k4y
4k4z
4k50
4kbt
4kbu
4kbv
4kbw
4kcy
4kcz
4kd0
4kd2
4kd8
4kd9
4kda
4kdb
4kdg
4kdh
4kdj
4kdk
4kfh
4kfi
4kfk
4kfl
4khp
4kix
4kiy
4kiz
4kj0
4kj1
4kj2
4kj3
4kj4
4kj5
4kj6
4kj7
4kj8
4kj9
4kja
4kjb
4kjc
4kji
4kre
4krf
4kxt
4l6j
4l6k
4l6l
4l6m
4l8h
4l8r
4lck
4lg2
4lj0
5msf
6msf
7msf